Removed Pin From Net: NetName=DIO0 Pin=R33-1
Removed Pin From Net: NetName=DIO1 Pin=R34-1
Removed Pin From Net: NetName=DIO2 Pin=R35-1
Removed Pin From Net: NetName=DIO3 Pin=R36-1
Removed Pin From Net: NetName=DIO4 Pin=R37-1
Removed Pin From Net: NetName=DIO5 Pin=R38-1
Removed Pin From Net: NetName=NRST_RADIO Pin=R40-1
Removed Member From Class: ClassName=RADIO Member=R33
Removed Member From Class: ClassName=RADIO Member=R34
Removed Member From Class: ClassName=RADIO Member=R35
Removed Member From Class: ClassName=RADIO Member=R36
Removed Member From Class: ClassName=RADIO Member=R37
Removed Member From Class: ClassName=RADIO Member=R38
Removed Member From Class: ClassName=RADIO Member=R40
Added Pin To Net: NetName=NRST_RADIO Pin=R32-1
Added Pin To Net: NetName=NRST_RADIO Pin=U11-7
Added Pin To Net: NetName=DIO0 Pin=U11-8
Added Pin To Net: NetName=DIO1 Pin=U11-9
Added Pin To Net: NetName=DIO2 Pin=U11-10
Added Pin To Net: NetName=DIO3 Pin=U11-11
Added Pin To Net: NetName=DIO4 Pin=U11-12
Added Pin To Net: NetName=DIO5 Pin=U11-13
