Removed Pin From Net: NetName=IBAT_FB Pin=J18-1
Removed Pin From Net: NetName=VBAT_MOTOR1_FB Pin=J19-1
Removed Pin From Net: NetName=VBAT_FB Pin=J26-1
Removed Pin From Net: NetName=IBAT_MOTOR2_FB Pin=J27-1
Removed Pin From Net: NetName=IMOTOR2 Pin=J36-1
Removed Pin From Net: NetName=IBAT_MOTOR1_FB Pin=J39-1
Removed Pin From Net: NetName=VBAT_MOTOR2_FB Pin=J40-1
Removed Pin From Net: NetName=IMOTOR3 Pin=J47-1
Removed Pin From Net: NetName=IMOTOR1 Pin=J57-1
Removed Pin From Net: NetName=IMOTOR4 Pin=J58-1
Removed Member From Class: ClassName=MAIN Member=J18
Removed Member From Class: ClassName=MAIN Member=J19
Removed Member From Class: ClassName=MAIN Member=J26
Removed Member From Class: ClassName=MAIN Member=J27
Removed Member From Class: ClassName=MAIN Member=J36
Removed Member From Class: ClassName=MAIN Member=J39
Removed Member From Class: ClassName=MAIN Member=J40
Removed Member From Class: ClassName=MAIN Member=J47
Removed Member From Class: ClassName=MAIN Member=J57
Removed Member From Class: ClassName=MAIN Member=J58
