Removed Pin From Net: NetName=NetR83_1 Pin=U4-28
Removed Pin From Net: NetName=NetR76_1 Pin=U4-29
Removed Pin From Net: NetName=NetR85_2 Pin=U4-34
Removed Pin From Net: NetName=NetR84_2 Pin=U4-35
Removed Pin From Net: NetName=\RST_GPS Pin=U4-74
Removed Pin From Net: NetName=EXT_INT_GPS Pin=U4-75
Removed Pin From Net: NetName=ANT_ON Pin=U4-76
Removed Pin From Net: NetName=UART_TX_GPS Pin=U4-77
Removed Pin From Net: NetName=UART_RX_GPS Pin=U4-78
Removed Pin From Net: NetName=LED_M34 Pin=U4-85
Removed Pin From Net: NetName=LED_M12 Pin=U4-86
Removed Pin From Net: NetName=LED_SEQ Pin=U4-87
Removed Pin From Net: NetName=NetR50_1 Pin=U4-90
Removed Pin From Net: NetName=NetR54_2 Pin=U4-91
Removed Pin From Net: NetName=NetR136_2 Pin=U4-114
Removed Pin From Net: NetName=NetR137_2 Pin=U4-115
Removed Pin From Net: NetName=NetR138_2 Pin=U4-117
Removed Pin From Net: NetName=NetR139_2 Pin=U4-118
Removed Pin From Net: NetName=NetR140_2 Pin=U4-119
Removed Pin From Net: NetName=NetR141_2 Pin=U4-122
Removed Pin From Net: NetName=NetR142_2 Pin=U4-123
Removed Pin From Net: NetName=NetR143_2 Pin=U4-124
Added Pin To Net: NetName=NetR50_1 Pin=U4-22
Added Pin To Net: NetName=\RST_GPS Pin=U4-27
Added Pin To Net: NetName=EXT_INT_GPS Pin=U4-28
Added Pin To Net: NetName=ANT_ON Pin=U4-29
Added Pin To Net: NetName=UART_RX_GPS Pin=U4-34
Added Pin To Net: NetName=UART_TX_GPS Pin=U4-35
Added Pin To Net: NetName=NetR83_1 Pin=U4-37
Added Pin To Net: NetName=NetR76_1 Pin=U4-40
Added Pin To Net: NetName=NetR143_2 Pin=U4-77
Added Pin To Net: NetName=NetR142_2 Pin=U4-78
Added Pin To Net: NetName=NetR141_2 Pin=U4-79
Added Pin To Net: NetName=NetR140_2 Pin=U4-80
Added Pin To Net: NetName=NetR139_2 Pin=U4-81
Added Pin To Net: NetName=NetR138_2 Pin=U4-82
Added Pin To Net: NetName=NetR137_2 Pin=U4-85
Added Pin To Net: NetName=NetR136_2 Pin=U4-86
Added Pin To Net: NetName=LED_SEQ Pin=U4-88
Added Pin To Net: NetName=LED_M34 Pin=U4-89
Added Pin To Net: NetName=LED_M12 Pin=U4-90
Added Pin To Net: NetName=NetR54_2 Pin=U4-118
Added Pin To Net: NetName=NetR85_2 Pin=U4-119
Added Pin To Net: NetName=NetR84_2 Pin=U4-122
