Removed Pin From Net: NetName=HOT_R_MOTOR2 Pin=J1-02
Removed Pin From Net: NetName=HOT_L_MOTOR2 Pin=J1-04
Removed Pin From Net: NetName=HOT_R_MOTOR4 Pin=J1-08
Removed Pin From Net: NetName=HOT_L_MOTOR4 Pin=J1-10
Removed Pin From Net: NetName=FDC1_CONN Pin=J1-14
Removed Pin From Net: NetName=FDC2_CONN Pin=J1-16
Removed Pin From Net: NetName=FDC3_CONN Pin=J1-18
Removed Pin From Net: NetName=FDC4_CONN Pin=J1-20
Removed Pin From Net: NetName=FDC5_CONN Pin=J1-22
Removed Pin From Net: NetName=FDC6_CONN Pin=J1-24
Removed Pin From Net: NetName=FDC7_CONN Pin=J1-26
Removed Pin From Net: NetName=FDC8_CONN Pin=J1-28
Added Pin To Net: NetName=FDC1_CONN Pin=J1-02
Added Pin To Net: NetName=FDC2_CONN Pin=J1-04
Added Pin To Net: NetName=FDC3_CONN Pin=J1-06
Added Pin To Net: NetName=FDC4_CONN Pin=J1-08
Added Pin To Net: NetName=FDC5_CONN Pin=J1-10
Added Pin To Net: NetName=FDC6_CONN Pin=J1-12
Added Pin To Net: NetName=FDC7_CONN Pin=J1-14
Added Pin To Net: NetName=FDC8_CONN Pin=J1-16
Added Pin To Net: NetName=HOT_R_MOTOR2 Pin=J1-20
Added Pin To Net: NetName=HOT_L_MOTOR2 Pin=J1-22
Added Pin To Net: NetName=HOT_R_MOTOR4 Pin=J1-26
Added Pin To Net: NetName=HOT_L_MOTOR4 Pin=J1-28
