Removed Pin From Net: NetName=SDDATA0 Pin=R56-1
Removed Pin From Net: NetName=SDDATA1 Pin=R57-1
Removed Pin From Net: NetName=SDDATA2 Pin=R58-1
Removed Pin From Net: NetName=SDDATA3 Pin=R60-1
Removed Pin From Net: NetName=SDCLK Pin=R62-1
Removed Pin From Net: NetName=SDCMD Pin=R64-1
Removed Member From Class: ClassName=MAIN Member=R56
Removed Member From Class: ClassName=MAIN Member=R57
Removed Member From Class: ClassName=MAIN Member=R58
Removed Member From Class: ClassName=MAIN Member=R60
Removed Member From Class: ClassName=MAIN Member=R62
Removed Member From Class: ClassName=MAIN Member=R64
Removed Member From Class: ClassName=HF Member=NetR56_2
Removed Member From Class: ClassName=HF Member=NetR57_2
Removed Member From Class: ClassName=HF Member=NetR58_2
Removed Member From Class: ClassName=HF Member=NetR60_2
Removed Member From Class: ClassName=HF Member=NetR62_2
Removed Member From Class: ClassName=HF Member=NetR64_2
Added Pin To Net: NetName=SDDATA0 Pin=U4-98
Added Pin To Net: NetName=SDDATA1 Pin=U4-99
Added Pin To Net: NetName=SDDATA2 Pin=U4-111
Added Pin To Net: NetName=SDDATA3 Pin=U4-112
Added Pin To Net: NetName=SDCLK Pin=U4-113
Added Pin To Net: NetName=SDCMD Pin=U4-116
