Added Member To Class: ClassName=HF Member=Wire NetIC6_MOTOR4_11
Added Member To Class: ClassName=HF Member=Wire NetIC7_MOTOR1_5
Added Member To Class: ClassName=HF Member=Wire NetIC7_MOTOR1_7
Added Member To Class: ClassName=HF Member=Wire NetIC7_MOTOR2_5
Added Member To Class: ClassName=HF Member=Wire NetIC7_MOTOR2_7
Added Member To Class: ClassName=HF Member=Wire NetIC7_MOTOR3_5
Added Member To Class: ClassName=HF Member=Wire NetIC7_MOTOR3_7
Added Member To Class: ClassName=HF Member=Wire NetIC7_MOTOR4_5
Added Member To Class: ClassName=HF Member=Wire NetIC7_MOTOR4_7
Added Member To Class: ClassName=HF Member=Wire NetIC8_MOTOR1_5
Added Member To Class: ClassName=HF Member=Wire NetIC8_MOTOR1_7
Added Member To Class: ClassName=HF Member=Wire NetIC8_MOTOR2_5
Added Member To Class: ClassName=HF Member=Wire NetIC8_MOTOR2_7
Added Member To Class: ClassName=HF Member=Wire NetIC8_MOTOR3_5
Added Member To Class: ClassName=HF Member=Wire NetIC8_MOTOR3_7
Added Member To Class: ClassName=HF Member=Wire NetIC8_MOTOR4_5
Added Member To Class: ClassName=HF Member=Wire NetIC8_MOTOR4_7
Added Member To Class: ClassName=HF Member=Wire NetIC10_11
Added Member To Class: ClassName=HF Member=Wire NetIC10_12
Added Member To Class: ClassName=HF Member=Wire NetIC10_13
Added Member To Class: ClassName=HF Member=Wire NetIC10_14
Added Member To Class: ClassName=HF Member=Wire NetIC10_15
Added Member To Class: ClassName=HF Member=Wire NetIC10_16
Added Member To Class: ClassName=HF Member=Wire NetIC10_17
Added Member To Class: ClassName=HF Member=Wire NetIC10_18
Added Member To Class: ClassName=HF Member=Wire NetR8_1
Added Member To Class: ClassName=HF Member=Wire NetR22_1
Added Member To Class: ClassName=HF Member=Wire NetR23_1
Added Member To Class: ClassName=HF Member=Wire NetR26_1
Added Member To Class: ClassName=HF Member=Wire NetR28_1
Added Member To Class: ClassName=HF Member=Wire NetR43_1
Added Member To Class: ClassName=HF Member=Wire NetR51_1
Added Member To Class: ClassName=HF Member=Wire NetR59_1
Added Member To Class: ClassName=HF Member=Wire NetR70_1
Added Member To Class: ClassName=HF Member=Wire NetR80_1
Added Member To Class: ClassName=HF Member=Wire NetR133_1
Added Member To Class: ClassName=HF Member=Wire NetR134_1
Added Member To Class: ClassName=HF Member=Wire NetR135_1
Added Member To Class: ClassName=HF Member=Wire NetR136_2
Added Member To Class: ClassName=HF Member=Wire NetR137_2
Added Member To Class: ClassName=HF Member=Wire NetR138_2
Added Member To Class: ClassName=HF Member=Wire NetR139_2
Added Member To Class: ClassName=HF Member=Wire NetR140_2
Added Member To Class: ClassName=HF Member=Wire NetR141_2
Added Member To Class: ClassName=HF Member=Wire NetR142_2
Added Member To Class: ClassName=HF Member=Wire NetR143_2
Added Member To Class: ClassName=HF Member=Wire PWM_M1_CW_MOTOR1
Added Member To Class: ClassName=HF Member=Wire PWM_M1_CW_MOTOR2
Added Member To Class: ClassName=HF Member=Wire PWM_M1_CW_MOTOR3
Added Member To Class: ClassName=HF Member=Wire PWM_M1_CW_MOTOR4
Added Member To Class: ClassName=HF Member=Wire PWM_M1_NCW_MOTOR1
Added Member To Class: ClassName=HF Member=Wire PWM_M1_NCW_MOTOR2
Added Member To Class: ClassName=HF Member=Wire PWM_M1_NCW_MOTOR3
Added Member To Class: ClassName=HF Member=Wire PWM_M1_NCW_MOTOR4
Added Member To Class: ClassName=HF Member=Wire PWM_M1
Added Member To Class: ClassName=HF Member=Wire PWM_M2
Added Member To Class: ClassName=HF Member=Wire PWM_M3
Added Member To Class: ClassName=HF Member=Wire SCL
Added Member To Class: ClassName=HF Member=Wire SDA
Added Member To Class: ClassName=HF Member=Wire UART_RX_GPS
Added Member To Class: ClassName=HF Member=Wire UART_TX_GPS
