Added Member To Class: ClassName=HF Member=Wire NetR56_2
Added Member To Class: ClassName=HF Member=Wire NetR57_2
Added Member To Class: ClassName=HF Member=Wire NetR58_2
Added Member To Class: ClassName=HF Member=Wire NetR60_2
Added Member To Class: ClassName=HF Member=Wire NetR62_2
Added Member To Class: ClassName=HF Member=Wire NetR64_2
Added Member To Class: ClassName=HF Member=Wire NetR65_2
Added Member To Class: ClassName=HF Member=Wire NetR67_2
Added Member To Class: ClassName=HF Member=Wire NetR68_2
Added Room: Name=Buzzer
Added Room: Name=FIN_COURSE
Added Room: Name=MAIN
Added Room: Name=MEMORIES
Added Room: Name=MICROCONTROLLER
Added Room: Name=MOTOR1
Added Room: Name=MOTOR2
Added Room: Name=MOTOR3
Added Room: Name=MOTOR4
Added Room: Name=POWER SUPPLIES
Added Room: Name=RADIO
Added Room: Name=SENSORS
